

=== 2025-12-26T06:43:03.107Z ===
{
  "object": "page",
  "entry": [
    {
      "time": 1766731379448,
      "id": "517048068712894",
      "messaging": [
        {
          "sender": {
            "id": "1835684389829872"
          },
          "recipient": {
            "id": "517048068712894"
          },
          "timestamp": 1766731378002,
          "message": {
            "mid": "m_I9i7rFL3dsEJYSElDYBwXCdFgH5jVNeEx5KmEutn47i9oEbvUw6bamnVEmWaVlA-Lu0jNn8twcvpmYgZrtOWsg",
            "text": "tn1",
            "nlpv2": {
              "detected_locales": [
                {
                  "locale": "vi_VN",
                  "confidence": 0.4264
                }
              ],
              "traits": {
                "sentiment": {
                  "id": "5ac2b50a-44e4-466e-9d49-bad6bd40092c",
                  "value": "neutral",
                  "confidence": 0.8318
                }
              },
              "entities": {
                "location": [
                  {
                    "id": "624173841772436",
                    "name": "wit$location",
                    "role": "location",
                    "end": 3,
                    "start": 0,
                    "body": "tn1",
                    "confidence": 0.8498,
                    "type": "value",
                    "suggested": true,
                    "value": "tn1"
                  }
                ]
              }
            }
          }
        }
      ]
    }
  ]
}


=== 2025-12-26T06:43:06.065Z ===
{
  "object": "page",
  "entry": [
    {
      "time": 1766731385348,
      "id": "517048068712894",
      "messaging": [
        {
          "sender": {
            "id": "517048068712894"
          },
          "recipient": {
            "id": "1835684389829872"
          },
          "timestamp": 1766731384985,
          "message": {
            "mid": "m_r_mmbL5zO_tfuWcuEa0w5CdFgH5jVNeEx5KmEutn47gpB3-N_dA534fV0QiMRnTFKLlK7691ZDOF4sc3BRgPxw",
            "is_echo": true,
            "text": "Please select an option",
            "metadata": "SENT_FROM_CHATBOTX",
            "app_id": 419370077795677
          }
        }
      ]
    }
  ]
}


=== 2025-12-26T06:43:07.074Z ===
{
  "object": "page",
  "entry": [
    {
      "time": 1766731386496,
      "id": "517048068712894",
      "messaging": [
        {
          "sender": {
            "id": "517048068712894"
          },
          "recipient": {
            "id": "1835684389829872"
          },
          "timestamp": 1766731385362,
          "message": {
            "mid": "m_n8YuzD51mnsI8wIxruaCZCdFgH5jVNeEx5KmEutn47heRFPe1H-roavuJU-FQRWYCc1Fs9uftQ0yspptFn5rTQ",
            "is_echo": true,
            "text": "ok ban oi",
            "metadata": "SENT_FROM_CHATBOTX",
            "app_id": 419370077795677
          }
        }
      ]
    }
  ]
}


=== 2025-12-26T06:44:11.493Z ===
{
  "object": "page",
  "entry": [
    {
      "time": 1766731449660,
      "id": "517048068712894",
      "messaging": [
        {
          "sender": {
            "id": "1835684389829872"
          },
          "recipient": {
            "id": "517048068712894"
          },
          "timestamp": 1766731448712,
          "read": {
            "watermark": 1766731448684
          }
        }
      ]
    }
  ]
}


=== 2025-12-26T06:44:12.340Z ===
{
  "object": "page",
  "entry": [
    {
      "time": 1766731451771,
      "id": "517048068712894",
      "messaging": [
        {
          "sender": {
            "id": "1835684389829872"
          },
          "recipient": {
            "id": "517048068712894"
          },
          "timestamp": 1766731450715,
          "message": {
            "mid": "m_DFxYGGaLvncGIWSbcXrxDydFgH5jVNeEx5KmEutn47iE26QWlph5GJ3gf1aEby1vhrfMVyPRCIHPMYJ_laPE5g",
            "text": "tn1",
            "nlpv2": {
              "detected_locales": [
                {
                  "locale": "vi_VN",
                  "confidence": 0.4264
                }
              ],
              "traits": {
                "sentiment": {
                  "id": "5ac2b50a-44e4-466e-9d49-bad6bd40092c",
                  "value": "neutral",
                  "confidence": 0.8318
                }
              },
              "entities": {
                "location": [
                  {
                    "id": "624173841772436",
                    "name": "wit$location",
                    "role": "location",
                    "end": 3,
                    "start": 0,
                    "body": "tn1",
                    "confidence": 0.8498,
                    "type": "value",
                    "suggested": true,
                    "value": "tn1"
                  }
                ]
              }
            }
          }
        }
      ]
    }
  ]
}


=== 2025-12-26T06:44:14.192Z ===
{
  "object": "page",
  "entry": [
    {
      "time": 1766731453566,
      "id": "517048068712894",
      "messaging": [
        {
          "sender": {
            "id": "517048068712894"
          },
          "recipient": {
            "id": "1835684389829872"
          },
          "timestamp": 1766731453212,
          "message": {
            "mid": "m_RB1SIESfWsnR9b1lLwLOyidFgH5jVNeEx5KmEutn47gtq1D-bL7YybSnzvrF2KsZmTqbgj69OzembJ5TEXQ0Hg",
            "is_echo": true,
            "text": "ok ban oi",
            "metadata": "SENT_FROM_CHATBOTX",
            "app_id": 419370077795677
          }
        }
      ]
    }
  ]
}


=== 2025-12-26T06:44:16.746Z ===
{
  "object": "page",
  "entry": [
    {
      "time": 1766731456053,
      "id": "517048068712894",
      "messaging": [
        {
          "sender": {
            "id": "517048068712894"
          },
          "recipient": {
            "id": "1835684389829872"
          },
          "timestamp": 1766731455673,
          "message": {
            "mid": "m_sMVAdN-a90pLO7V0YJYhISdFgH5jVNeEx5KmEutn47hfPvbOeQ4cmUWdV3TAad8h0iVJAxZupDXwkudM3SELwA",
            "is_echo": true,
            "text": "Please select an option",
            "metadata": "SENT_FROM_CHATBOTX",
            "app_id": 419370077795677
          }
        }
      ]
    }
  ]
}


=== 2025-12-26T06:44:16.971Z ===
{
  "object": "page",
  "entry": [
    {
      "time": 1766731456404,
      "id": "517048068712894",
      "messaging": [
        {
          "sender": {
            "id": "1835684389829872"
          },
          "recipient": {
            "id": "517048068712894"
          },
          "timestamp": 1766731453624,
          "read": {
            "watermark": 1766731453605
          }
        }
      ]
    }
  ]
}


=== 2025-12-26T06:44:17.008Z ===
{
  "object": "page",
  "entry": [
    {
      "time": 1766731456431,
      "id": "517048068712894",
      "messaging": [
        {
          "sender": {
            "id": "1835684389829872"
          },
          "recipient": {
            "id": "517048068712894"
          },
          "timestamp": 1766731454083,
          "read": {
            "watermark": 1766731453693
          }
        }
      ]
    }
  ]
}


=== 2025-12-26T06:44:17.034Z ===
{
  "object": "page",
  "entry": [
    {
      "time": 1766731456420,
      "id": "517048068712894",
      "messaging": [
        {
          "sender": {
            "id": "1835684389829872"
          },
          "recipient": {
            "id": "517048068712894"
          },
          "timestamp": 1766731453932,
          "read": {
            "watermark": 1766731453692
          }
        }
      ]
    }
  ]
}


=== 2025-12-26T06:44:17.048Z ===
{
  "object": "page",
  "entry": [
    {
      "time": 1766731456420,
      "id": "517048068712894",
      "messaging": [
        {
          "sender": {
            "id": "1835684389829872"
          },
          "recipient": {
            "id": "517048068712894"
          },
          "timestamp": 1766731453778,
          "read": {
            "watermark": 1766731453690
          }
        }
      ]
    }
  ]
}


=== 2025-12-26T06:44:31.382Z ===
{
  "object": "page",
  "entry": [
    {
      "time": 1766731470742,
      "id": "517048068712894",
      "messaging": [
        {
          "sender": {
            "id": "1835684389829872"
          },
          "recipient": {
            "id": "517048068712894"
          },
          "timestamp": 1766731469500,
          "read": {
            "watermark": 1766731469484
          }
        }
      ]
    }
  ]
}


=== 2025-12-26T06:44:34.174Z ===
{
  "object": "page",
  "entry": [
    {
      "time": 1766731473542,
      "id": "517048068712894",
      "messaging": [
        {
          "sender": {
            "id": "1835684389829872"
          },
          "recipient": {
            "id": "517048068712894"
          },
          "timestamp": 1766731471870,
          "message": {
            "mid": "m_w-UWkI-FouSIXumOG1WhkidFgH5jVNeEx5KmEutn47jeVT_OLGPpE8RTL4VSsXPvxVaF6ww2_GGN-lfClD0Lng",
            "text": "tn1",
            "nlpv2": {
              "detected_locales": [
                {
                  "locale": "vi_VN",
                  "confidence": 0.4264
                }
              ],
              "traits": {
                "sentiment": {
                  "id": "5ac2b50a-44e4-466e-9d49-bad6bd40092c",
                  "value": "neutral",
                  "confidence": 0.8318
                }
              },
              "entities": {
                "location": [
                  {
                    "id": "624173841772436",
                    "name": "wit$location",
                    "role": "location",
                    "end": 3,
                    "start": 0,
                    "body": "tn1",
                    "confidence": 0.8498,
                    "type": "value",
                    "suggested": true,
                    "value": "tn1"
                  }
                ]
              }
            }
          }
        }
      ]
    }
  ]
}


=== 2025-12-26T06:44:35.994Z ===
{
  "object": "page",
  "entry": [
    {
      "time": 1766731475367,
      "id": "517048068712894",
      "messaging": [
        {
          "sender": {
            "id": "517048068712894"
          },
          "recipient": {
            "id": "1835684389829872"
          },
          "timestamp": 1766731474895,
          "message": {
            "mid": "m_5bpf4m72wtBbqF_IRrLT7idFgH5jVNeEx5KmEutn47i8WkZ_CNGbEqE1re3HbaIjroCjjrRfA8aFUn0mxt5ykQ",
            "is_echo": true,
            "text": "ok ban oi",
            "metadata": "SENT_FROM_CHATBOTX",
            "app_id": 419370077795677
          }
        }
      ]
    }
  ]
}


=== 2025-12-26T06:44:37.072Z ===
{
  "object": "page",
  "entry": [
    {
      "time": 1766731476472,
      "id": "517048068712894",
      "messaging": [
        {
          "sender": {
            "id": "517048068712894"
          },
          "recipient": {
            "id": "1835684389829872"
          },
          "timestamp": 1766731475734,
          "message": {
            "mid": "m_OCjhHB1gtbujKLriVIkHoCdFgH5jVNeEx5KmEutn47i9cbpf9A2wSrq5cMuMy_pul7hGKQdBu8jBuZdjK6-Atw",
            "is_echo": true,
            "text": "Please select an option",
            "metadata": "SENT_FROM_CHATBOTX",
            "app_id": 419370077795677
          }
        }
      ]
    }
  ]
}


=== 2025-12-26T06:44:37.978Z ===
{
  "object": "page",
  "entry": [
    {
      "time": 1766731477449,
      "id": "517048068712894",
      "messaging": [
        {
          "sender": {
            "id": "1835684389829872"
          },
          "recipient": {
            "id": "517048068712894"
          },
          "timestamp": 1766731476362,
          "read": {
            "watermark": 1766731476190
          }
        }
      ]
    }
  ]
}


=== 2025-12-26T06:44:38.014Z ===
{
  "object": "page",
  "entry": [
    {
      "time": 1766731477420,
      "id": "517048068712894",
      "messaging": [
        {
          "sender": {
            "id": "1835684389829872"
          },
          "recipient": {
            "id": "517048068712894"
          },
          "timestamp": 1766731476620,
          "read": {
            "watermark": 1766731476193
          }
        }
      ]
    }
  ]
}


=== 2025-12-26T06:44:38.029Z ===
{
  "object": "page",
  "entry": [
    {
      "time": 1766731477428,
      "id": "517048068712894",
      "messaging": [
        {
          "sender": {
            "id": "1835684389829872"
          },
          "recipient": {
            "id": "517048068712894"
          },
          "timestamp": 1766731476168,
          "read": {
            "watermark": 1766731476152
          }
        }
      ]
    }
  ]
}


=== 2025-12-26T06:44:38.054Z ===
{
  "object": "page",
  "entry": [
    {
      "time": 1766731477428,
      "id": "517048068712894",
      "messaging": [
        {
          "sender": {
            "id": "1835684389829872"
          },
          "recipient": {
            "id": "517048068712894"
          },
          "timestamp": 1766731476472,
          "read": {
            "watermark": 1766731476191
          }
        }
      ]
    }
  ]
}


=== 2025-12-26T06:44:38.109Z ===
{
  "object": "page",
  "entry": [
    {
      "time": 1766731477933,
      "id": "517048068712894",
      "messaging": [
        {
          "sender": {
            "id": "1835684389829872"
          },
          "recipient": {
            "id": "517048068712894"
          },
          "timestamp": 1766731475620,
          "read": {
            "watermark": 1766731475395
          }
        }
      ]
    }
  ]
}


=== 2025-12-26T06:44:38.112Z ===
{
  "object": "page",
  "entry": [
    {
      "time": 1766731477919,
      "id": "517048068712894",
      "messaging": [
        {
          "sender": {
            "id": "1835684389829872"
          },
          "recipient": {
            "id": "517048068712894"
          },
          "timestamp": 1766731475769,
          "read": {
            "watermark": 1766731475396
          }
        }
      ]
    }
  ]
}


=== 2025-12-26T06:44:38.128Z ===
{
  "object": "page",
  "entry": [
    {
      "time": 1766731477933,
      "id": "517048068712894",
      "messaging": [
        {
          "sender": {
            "id": "1835684389829872"
          },
          "recipient": {
            "id": "517048068712894"
          },
          "timestamp": 1766731475474,
          "read": {
            "watermark": 1766731475389
          }
        }
      ]
    }
  ]
}


=== 2025-12-26T06:44:38.492Z ===
{
  "object": "page",
  "entry": [
    {
      "time": 1766731477943,
      "id": "517048068712894",
      "messaging": [
        {
          "sender": {
            "id": "1835684389829872"
          },
          "recipient": {
            "id": "517048068712894"
          },
          "timestamp": 1766731475332,
          "read": {
            "watermark": 1766731475313
          }
        }
      ]
    }
  ]
}


=== 2025-12-26T06:45:18.287Z ===
{
  "object": "page",
  "entry": [
    {
      "time": 1766731473542,
      "id": "517048068712894",
      "messaging": [
        {
          "sender": {
            "id": "1835684389829872"
          },
          "recipient": {
            "id": "517048068712894"
          },
          "timestamp": 1766731471870,
          "message": {
            "mid": "m_w-UWkI-FouSIXumOG1WhkidFgH5jVNeEx5KmEutn47jeVT_OLGPpE8RTL4VSsXPvxVaF6ww2_GGN-lfClD0Lng",
            "text": "tn1",
            "nlpv2": {
              "detected_locales": [
                {
                  "locale": "vi_VN",
                  "confidence": 0.4264
                }
              ],
              "traits": {
                "sentiment": {
                  "id": "5ac2b50a-44e4-466e-9d49-bad6bd40092c",
                  "value": "neutral",
                  "confidence": 0.8318
                }
              },
              "entities": {
                "location": [
                  {
                    "id": "624173841772436",
                    "name": "wit$location",
                    "role": "location",
                    "end": 3,
                    "start": 0,
                    "body": "tn1",
                    "confidence": 0.8498,
                    "type": "value",
                    "suggested": true,
                    "value": "tn1"
                  }
                ]
              }
            }
          }
        }
      ]
    }
  ]
}


=== 2025-12-26T06:45:20.550Z ===
{
  "object": "page",
  "entry": [
    {
      "time": 1766731519662,
      "id": "517048068712894",
      "messaging": [
        {
          "sender": {
            "id": "517048068712894"
          },
          "recipient": {
            "id": "1835684389829872"
          },
          "timestamp": 1766731519233,
          "message": {
            "mid": "m_7KauOzRvMcwHOhbXgrRUGidFgH5jVNeEx5KmEutn47iYfbZTKwVgH-kNCQKW_hqi7dOmnKI8ZHETlg_-xdTP3g",
            "is_echo": true,
            "text": "ok ban oi",
            "metadata": "SENT_FROM_CHATBOTX",
            "app_id": 419370077795677
          }
        }
      ]
    }
  ]
}


=== 2025-12-26T06:45:21.759Z ===
{
  "object": "page",
  "entry": [
    {
      "time": 1766731521035,
      "id": "517048068712894",
      "messaging": [
        {
          "sender": {
            "id": "517048068712894"
          },
          "recipient": {
            "id": "1835684389829872"
          },
          "timestamp": 1766731519951,
          "message": {
            "mid": "m_1nJdVX8CrgmOw7BGE7lB3ydFgH5jVNeEx5KmEutn47i5jI4RTitEB-g-najRhx8JLxNT5GfvXfBXFV_bX55BaQ",
            "is_echo": true,
            "text": "Please select an option",
            "metadata": "SENT_FROM_CHATBOTX",
            "app_id": 419370077795677
          }
        }
      ]
    }
  ]
}


=== 2025-12-26T06:45:23.094Z ===
{
  "object": "page",
  "entry": [
    {
      "time": 1766731522434,
      "id": "517048068712894",
      "messaging": [
        {
          "sender": {
            "id": "1835684389829872"
          },
          "recipient": {
            "id": "517048068712894"
          },
          "timestamp": 1766731520940,
          "read": {
            "watermark": 1766731520925
          }
        }
      ]
    }
  ]
}


=== 2025-12-26T06:45:24.224Z ===
{
  "object": "page",
  "entry": [
    {
      "time": 1766731473542,
      "id": "517048068712894",
      "messaging": [
        {
          "sender": {
            "id": "1835684389829872"
          },
          "recipient": {
            "id": "517048068712894"
          },
          "timestamp": 1766731471870,
          "message": {
            "mid": "m_w-UWkI-FouSIXumOG1WhkidFgH5jVNeEx5KmEutn47jeVT_OLGPpE8RTL4VSsXPvxVaF6ww2_GGN-lfClD0Lng",
            "text": "tn1",
            "nlpv2": {
              "detected_locales": [
                {
                  "locale": "vi_VN",
                  "confidence": 0.4264
                }
              ],
              "traits": {
                "sentiment": {
                  "id": "5ac2b50a-44e4-466e-9d49-bad6bd40092c",
                  "value": "neutral",
                  "confidence": 0.8318
                }
              },
              "entities": {
                "location": [
                  {
                    "id": "624173841772436",
                    "name": "wit$location",
                    "role": "location",
                    "end": 3,
                    "start": 0,
                    "body": "tn1",
                    "confidence": 0.8498,
                    "type": "value",
                    "suggested": true,
                    "value": "tn1"
                  }
                ]
              }
            }
          }
        }
      ]
    }
  ]
}


=== 2025-12-26T06:45:25.889Z ===
{
  "object": "page",
  "entry": [
    {
      "time": 1766731525291,
      "id": "517048068712894",
      "messaging": [
        {
          "sender": {
            "id": "517048068712894"
          },
          "recipient": {
            "id": "1835684389829872"
          },
          "timestamp": 1766731524832,
          "message": {
            "mid": "m_CiNvkW5wHR_93-EahNSgRCdFgH5jVNeEx5KmEutn47inVGLxNnk-MmxysdQtO-2dMfhqzVJQZmGIWkeU5l1mew",
            "is_echo": true,
            "text": "ok ban oi",
            "metadata": "SENT_FROM_CHATBOTX",
            "app_id": 419370077795677
          }
        }
      ]
    }
  ]
}


=== 2025-12-26T06:45:26.676Z ===
{
  "object": "page",
  "entry": [
    {
      "time": 1766731526437,
      "id": "517048068712894",
      "messaging": [
        {
          "sender": {
            "id": "517048068712894"
          },
          "recipient": {
            "id": "1835684389829872"
          },
          "timestamp": 1766731525746,
          "message": {
            "mid": "m__fnAMkwpEtSOHLfYHNf_ESdFgH5jVNeEx5KmEutn47iNeLITby1C6fr2shvi2EUKH_bnNkE1_YzskDVSOvNRiA",
            "is_echo": true,
            "text": "Please select an option",
            "metadata": "SENT_FROM_CHATBOTX",
            "app_id": 419370077795677
          }
        }
      ]
    }
  ]
}


=== 2025-12-26T06:45:29.638Z ===
{
  "object": "page",
  "entry": [
    {
      "time": 1766731529042,
      "id": "517048068712894",
      "messaging": [
        {
          "sender": {
            "id": "1835684389829872"
          },
          "recipient": {
            "id": "517048068712894"
          },
          "timestamp": 1766731527576,
          "read": {
            "watermark": 1766731527559
          }
        }
      ]
    }
  ]
}


=== 2025-12-26T06:58:50.012Z ===
{
  "object": "page",
  "entry": [
    {
      "time": 1766731473542,
      "id": "517048068712894",
      "messaging": [
        {
          "sender": {
            "id": "1835684389829872"
          },
          "recipient": {
            "id": "517048068712894"
          },
          "timestamp": 1766731471870,
          "message": {
            "mid": "m_w-UWkI-FouSIXumOG1WhkidFgH5jVNeEx5KmEutn47jeVT_OLGPpE8RTL4VSsXPvxVaF6ww2_GGN-lfClD0Lng",
            "text": "tn1",
            "nlpv2": {
              "detected_locales": [
                {
                  "locale": "vi_VN",
                  "confidence": 0.4264
                }
              ],
              "traits": {
                "sentiment": {
                  "id": "5ac2b50a-44e4-466e-9d49-bad6bd40092c",
                  "value": "neutral",
                  "confidence": 0.8318
                }
              },
              "entities": {
                "location": [
                  {
                    "id": "624173841772436",
                    "name": "wit$location",
                    "role": "location",
                    "end": 3,
                    "start": 0,
                    "body": "tn1",
                    "confidence": 0.8498,
                    "type": "value",
                    "suggested": true,
                    "value": "tn1"
                  }
                ]
              }
            }
          }
        }
      ]
    }
  ]
}


=== 2025-12-26T06:58:54.782Z ===
{
  "object": "page",
  "entry": [
    {
      "time": 1766731473542,
      "id": "517048068712894",
      "messaging": [
        {
          "sender": {
            "id": "1835684389829872"
          },
          "recipient": {
            "id": "517048068712894"
          },
          "timestamp": 1766731471870,
          "message": {
            "mid": "m_w-UWkI-FouSIXumOG1WhkidFgH5jVNeEx5KmEutn47jeVT_OLGPpE8RTL4VSsXPvxVaF6ww2_GGN-lfClD0Lng",
            "text": "tn1",
            "nlpv2": {
              "detected_locales": [
                {
                  "locale": "vi_VN",
                  "confidence": 0.4264
                }
              ],
              "traits": {
                "sentiment": {
                  "id": "5ac2b50a-44e4-466e-9d49-bad6bd40092c",
                  "value": "neutral",
                  "confidence": 0.8318
                }
              },
              "entities": {
                "location": [
                  {
                    "id": "624173841772436",
                    "name": "wit$location",
                    "role": "location",
                    "end": 3,
                    "start": 0,
                    "body": "tn1",
                    "confidence": 0.8498,
                    "type": "value",
                    "suggested": true,
                    "value": "tn1"
                  }
                ]
              }
            }
          }
        }
      ]
    }
  ]
}


=== 2025-12-26T06:59:06.209Z ===
{
  "object": "page",
  "entry": [
    {
      "time": 1766731473542,
      "id": "517048068712894",
      "messaging": [
        {
          "sender": {
            "id": "1835684389829872"
          },
          "recipient": {
            "id": "517048068712894"
          },
          "timestamp": 1766731471870,
          "message": {
            "mid": "m_w-UWkI-FouSIXumOG1WhkidFgH5jVNeEx5KmEutn47jeVT_OLGPpE8RTL4VSsXPvxVaF6ww2_GGN-lfClD0Lng",
            "text": "tn1",
            "nlpv2": {
              "detected_locales": [
                {
                  "locale": "vi_VN",
                  "confidence": 0.4264
                }
              ],
              "traits": {
                "sentiment": {
                  "id": "5ac2b50a-44e4-466e-9d49-bad6bd40092c",
                  "value": "neutral",
                  "confidence": 0.8318
                }
              },
              "entities": {
                "location": [
                  {
                    "id": "624173841772436",
                    "name": "wit$location",
                    "role": "location",
                    "end": 3,
                    "start": 0,
                    "body": "tn1",
                    "confidence": 0.8498,
                    "type": "value",
                    "suggested": true,
                    "value": "tn1"
                  }
                ]
              }
            }
          }
        }
      ]
    }
  ]
}


=== 2025-12-26T06:59:12.014Z ===
{
  "object": "page",
  "entry": [
    {
      "time": 1766731473542,
      "id": "517048068712894",
      "messaging": [
        {
          "sender": {
            "id": "1835684389829872"
          },
          "recipient": {
            "id": "517048068712894"
          },
          "timestamp": 1766731471870,
          "message": {
            "mid": "m_w-UWkI-FouSIXumOG1WhkidFgH5jVNeEx5KmEutn47jeVT_OLGPpE8RTL4VSsXPvxVaF6ww2_GGN-lfClD0Lng",
            "text": "tn1",
            "nlpv2": {
              "detected_locales": [
                {
                  "locale": "vi_VN",
                  "confidence": 0.4264
                }
              ],
              "traits": {
                "sentiment": {
                  "id": "5ac2b50a-44e4-466e-9d49-bad6bd40092c",
                  "value": "neutral",
                  "confidence": 0.8318
                }
              },
              "entities": {
                "location": [
                  {
                    "id": "624173841772436",
                    "name": "wit$location",
                    "role": "location",
                    "end": 3,
                    "start": 0,
                    "body": "tn1",
                    "confidence": 0.8498,
                    "type": "value",
                    "suggested": true,
                    "value": "tn1"
                  }
                ]
              }
            }
          }
        }
      ]
    }
  ]
}


=== 2025-12-26T06:59:20.607Z ===
{
  "object": "page",
  "entry": [
    {
      "time": 1766731473542,
      "id": "517048068712894",
      "messaging": [
        {
          "sender": {
            "id": "1835684389829872"
          },
          "recipient": {
            "id": "517048068712894"
          },
          "timestamp": 1766731471870,
          "message": {
            "mid": "m_w-UWkI-FouSIXumOG1WhkidFgH5jVNeEx5KmEutn47jeVT_OLGPpE8RTL4VSsXPvxVaF6ww2_GGN-lfClD0Lng",
            "text": "tn1",
            "nlpv2": {
              "detected_locales": [
                {
                  "locale": "vi_VN",
                  "confidence": 0.4264
                }
              ],
              "traits": {
                "sentiment": {
                  "id": "5ac2b50a-44e4-466e-9d49-bad6bd40092c",
                  "value": "neutral",
                  "confidence": 0.8318
                }
              },
              "entities": {
                "location": [
                  {
                    "id": "624173841772436",
                    "name": "wit$location",
                    "role": "location",
                    "end": 3,
                    "start": 0,
                    "body": "tn1",
                    "confidence": 0.8498,
                    "type": "value",
                    "suggested": true,
                    "value": "tn1"
                  }
                ]
              }
            }
          }
        }
      ]
    }
  ]
}


=== 2025-12-26T07:01:12.364Z ===
{
  "object": "page",
  "entry": [
    {
      "time": 1766731473542,
      "id": "517048068712894",
      "messaging": [
        {
          "sender": {
            "id": "1835684389829872"
          },
          "recipient": {
            "id": "517048068712894"
          },
          "timestamp": 1766731471870,
          "message": {
            "mid": "m_w-UWkI-FouSIXumOG1WhkidFgH5jVNeEx5KmEutn47jeVT_OLGPpE8RTL4VSsXPvxVaF6ww2_GGN-lfClD0Lng",
            "text": "tn1",
            "nlpv2": {
              "detected_locales": [
                {
                  "locale": "vi_VN",
                  "confidence": 0.4264
                }
              ],
              "traits": {
                "sentiment": {
                  "id": "5ac2b50a-44e4-466e-9d49-bad6bd40092c",
                  "value": "neutral",
                  "confidence": 0.8318
                }
              },
              "entities": {
                "location": [
                  {
                    "id": "624173841772436",
                    "name": "wit$location",
                    "role": "location",
                    "end": 3,
                    "start": 0,
                    "body": "tn1",
                    "confidence": 0.8498,
                    "type": "value",
                    "suggested": true,
                    "value": "tn1"
                  }
                ]
              }
            }
          }
        }
      ]
    }
  ]
}


=== 2025-12-26T07:02:28.446Z ===
{
  "object": "page",
  "entry": [
    {
      "time": 1766731473542,
      "id": "517048068712894",
      "messaging": [
        {
          "sender": {
            "id": "1835684389829872"
          },
          "recipient": {
            "id": "517048068712894"
          },
          "timestamp": 1766731471870,
          "message": {
            "mid": "m_w-UWkI-FouSIXumOG1WhkidFgH5jVNeEx5KmEutn47jeVT_OLGPpE8RTL4VSsXPvxVaF6ww2_GGN-lfClD0Lng",
            "text": "tn1",
            "nlpv2": {
              "detected_locales": [
                {
                  "locale": "vi_VN",
                  "confidence": 0.4264
                }
              ],
              "traits": {
                "sentiment": {
                  "id": "5ac2b50a-44e4-466e-9d49-bad6bd40092c",
                  "value": "neutral",
                  "confidence": 0.8318
                }
              },
              "entities": {
                "location": [
                  {
                    "id": "624173841772436",
                    "name": "wit$location",
                    "role": "location",
                    "end": 3,
                    "start": 0,
                    "body": "tn1",
                    "confidence": 0.8498,
                    "type": "value",
                    "suggested": true,
                    "value": "tn1"
                  }
                ]
              }
            }
          }
        }
      ]
    }
  ]
}


=== 2025-12-26T07:02:28.453Z ===
{
  "object": "page",
  "entry": [
    {
      "time": 1766732540615,
      "id": "517048068712894",
      "messaging": [
        {
          "sender": {
            "id": "517048068712894"
          },
          "recipient": {
            "id": "1835684389829872"
          },
          "timestamp": 1766732539574,
          "message": {
            "mid": "m_0J7ulgXr1Ict_8oxsgaCjydFgH5jVNeEx5KmEutn47ioZttp94T0IEbMt4_NAe_y5_fTkUniCkF7-hLMmvKGPA",
            "is_echo": true,
            "text": "ok ban oi",
            "metadata": "SENT_FROM_CHATBOTX",
            "app_id": 419370077795677
          }
        }
      ]
    }
  ]
}


=== 2025-12-26T07:02:29.705Z ===
{
  "object": "page",
  "entry": [
    {
      "time": 1766732548940,
      "id": "517048068712894",
      "messaging": [
        {
          "sender": {
            "id": "517048068712894"
          },
          "recipient": {
            "id": "1835684389829872"
          },
          "timestamp": 1766732539629,
          "message": {
            "mid": "m_hKaFZyKt5UBm6Qs7N7ZrpidFgH5jVNeEx5KmEutn47igexU9Lu-2KDgGTLrRoavg7l8sk1rWhFL-VP_u9qxpbg",
            "is_echo": true,
            "text": "ok ban oi",
            "metadata": "SENT_FROM_CHATBOTX",
            "app_id": 419370077795677
          }
        }
      ]
    }
  ]
}


=== 2025-12-26T07:02:38.556Z ===
{
  "object": "page",
  "entry": [
    {
      "time": 1766732556907,
      "id": "517048068712894",
      "messaging": [
        {
          "sender": {
            "id": "1835684389829872"
          },
          "recipient": {
            "id": "517048068712894"
          },
          "timestamp": 1766732555506,
          "read": {
            "watermark": 1766732554967
          }
        }
      ]
    }
  ]
}


=== 2025-12-26T07:03:09.736Z ===
{
  "object": "page",
  "entry": [
    {
      "time": 1766731473542,
      "id": "517048068712894",
      "messaging": [
        {
          "sender": {
            "id": "1835684389829872"
          },
          "recipient": {
            "id": "517048068712894"
          },
          "timestamp": 1766731471870,
          "message": {
            "mid": "m_w-UWkI-FouSIXumOG1WhkidFgH5jVNeEx5KmEutn47jeVT_OLGPpE8RTL4VSsXPvxVaF6ww2_GGN-lfClD0Lng",
            "text": "tn1",
            "nlpv2": {
              "detected_locales": [
                {
                  "locale": "vi_VN",
                  "confidence": 0.4264
                }
              ],
              "traits": {
                "sentiment": {
                  "id": "5ac2b50a-44e4-466e-9d49-bad6bd40092c",
                  "value": "neutral",
                  "confidence": 0.8318
                }
              },
              "entities": {
                "location": [
                  {
                    "id": "624173841772436",
                    "name": "wit$location",
                    "role": "location",
                    "end": 3,
                    "start": 0,
                    "body": "tn1",
                    "confidence": 0.8498,
                    "type": "value",
                    "suggested": true,
                    "value": "tn1"
                  }
                ]
              }
            }
          }
        }
      ]
    }
  ]
}


=== 2025-12-26T07:03:40.835Z ===
{
  "object": "page",
  "entry": [
    {
      "time": 1766731473542,
      "id": "517048068712894",
      "messaging": [
        {
          "sender": {
            "id": "1835684389829872"
          },
          "recipient": {
            "id": "517048068712894"
          },
          "timestamp": 1766731471870,
          "message": {
            "mid": "m_w-UWkI-FouSIXumOG1WhkidFgH5jVNeEx5KmEutn47jeVT_OLGPpE8RTL4VSsXPvxVaF6ww2_GGN-lfClD0Lng",
            "text": "tn1",
            "nlpv2": {
              "detected_locales": [
                {
                  "locale": "vi_VN",
                  "confidence": 0.4264
                }
              ],
              "traits": {
                "sentiment": {
                  "id": "5ac2b50a-44e4-466e-9d49-bad6bd40092c",
                  "value": "neutral",
                  "confidence": 0.8318
                }
              },
              "entities": {
                "location": [
                  {
                    "id": "624173841772436",
                    "name": "wit$location",
                    "role": "location",
                    "end": 3,
                    "start": 0,
                    "body": "tn1",
                    "confidence": 0.8498,
                    "type": "value",
                    "suggested": true,
                    "value": "tn1"
                  }
                ]
              }
            }
          }
        }
      ]
    }
  ]
}


=== 2025-12-26T07:12:46.161Z ===
{
  "object": "page",
  "entry": [
    {
      "time": 1766733158265,
      "id": "517048068712894",
      "messaging": [
        {
          "sender": {
            "id": "517048068712894"
          },
          "recipient": {
            "id": "1835684389829872"
          },
          "timestamp": 1766733157814,
          "message": {
            "mid": "m_xYH0IBbO4K-J_DDooLA9ZydFgH5jVNeEx5KmEutn47hEAiS792dJ1tZace1E-SMnttgmGxuX4BmjFDL71cXM6Q",
            "is_echo": true,
            "text": "ok ban oi",
            "metadata": "SENT_FROM_CHATBOTX",
            "app_id": 419370077795677
          }
        }
      ]
    }
  ]
}


=== 2025-12-26T07:12:47.236Z ===
{
  "object": "page",
  "entry": [
    {
      "time": 1766733166602,
      "id": "517048068712894",
      "messaging": [
        {
          "sender": {
            "id": "517048068712894"
          },
          "recipient": {
            "id": "1835684389829872"
          },
          "timestamp": 1766733157849,
          "message": {
            "mid": "m_4eUShCm6u-y9-jKpv5R3_idFgH5jVNeEx5KmEutn47jFae9hVhhLEfdWRRRqUgaauWpkVLiP2QMcx1LNxmPfgQ",
            "is_echo": true,
            "text": "ok ban oi",
            "metadata": "SENT_FROM_CHATBOTX",
            "app_id": 419370077795677
          }
        }
      ]
    }
  ]
}


=== 2025-12-26T07:12:49.066Z ===
{
  "object": "page",
  "entry": [
    {
      "time": 1766733167672,
      "id": "517048068712894",
      "messaging": [
        {
          "sender": {
            "id": "517048068712894"
          },
          "recipient": {
            "id": "1835684389829872"
          },
          "timestamp": 1766733157859,
          "message": {
            "mid": "m_HCFNKpuSiVQAcGF1irtIOSdFgH5jVNeEx5KmEutn47i72ZRt3tYByhSUOa4cvH40ju6fR7aICZdrYFzTq323uA",
            "is_echo": true,
            "text": "ok ban oi",
            "metadata": "SENT_FROM_CHATBOTX",
            "app_id": 419370077795677
          }
        }
      ]
    }
  ]
}


=== 2025-12-26T07:12:50.274Z ===
{
  "object": "page",
  "entry": [
    {
      "time": 1766733169589,
      "id": "517048068712894",
      "messaging": [
        {
          "sender": {
            "id": "517048068712894"
          },
          "recipient": {
            "id": "1835684389829872"
          },
          "timestamp": 1766733157868,
          "message": {
            "mid": "m_CyHbUkbxN0dSQX2VXnNthSdFgH5jVNeEx5KmEutn47hx0HvdQnsc8nEvVIbeM_XlYP55vYpvgyxMeWUE0eyWMA",
            "is_echo": true,
            "text": "ok ban oi",
            "metadata": "SENT_FROM_CHATBOTX",
            "app_id": 419370077795677
          }
        }
      ]
    }
  ]
}


=== 2025-12-26T07:12:51.629Z ===
{
  "object": "page",
  "entry": [
    {
      "time": 1766733170727,
      "id": "517048068712894",
      "messaging": [
        {
          "sender": {
            "id": "517048068712894"
          },
          "recipient": {
            "id": "1835684389829872"
          },
          "timestamp": 1766733158544,
          "message": {
            "mid": "m_Grsjlf0T3VBzj8-MuxtNuCdFgH5jVNeEx5KmEutn47iZ5lgyK_fa072dNxsF4l_st0fd_FQk7-HUjIWI0v6nDw",
            "is_echo": true,
            "text": "Please select an option",
            "metadata": "SENT_FROM_CHATBOTX",
            "app_id": 419370077795677
          }
        }
      ]
    }
  ]
}


=== 2025-12-26T07:12:52.877Z ===
{
  "object": "page",
  "entry": [
    {
      "time": 1766733172081,
      "id": "517048068712894",
      "messaging": [
        {
          "sender": {
            "id": "517048068712894"
          },
          "recipient": {
            "id": "1835684389829872"
          },
          "timestamp": 1766733158640,
          "message": {
            "mid": "m_j-FzmsxUhYfV3kDDNmSNBydFgH5jVNeEx5KmEutn47hnaNwZ3X3svnbLyyAiImGIrHHDhF2fpMnFcuZBTybf2Q",
            "is_echo": true,
            "text": "Please select an option",
            "metadata": "SENT_FROM_CHATBOTX",
            "app_id": 419370077795677
          }
        }
      ]
    }
  ]
}


=== 2025-12-26T07:12:54.275Z ===
{
  "object": "page",
  "entry": [
    {
      "time": 1766733173388,
      "id": "517048068712894",
      "messaging": [
        {
          "sender": {
            "id": "517048068712894"
          },
          "recipient": {
            "id": "1835684389829872"
          },
          "timestamp": 1766733158667,
          "message": {
            "mid": "m_hTi04go1-Q9UCmN1zpAwUydFgH5jVNeEx5KmEutn47jIL6Is6tQBk-v6WQ78RDzi6P0GxC1sZg7fQ815ZX3b6A",
            "is_echo": true,
            "text": "Please select an option",
            "metadata": "SENT_FROM_CHATBOTX",
            "app_id": 419370077795677
          }
        }
      ]
    }
  ]
}


=== 2025-12-26T07:12:55.519Z ===
{
  "object": "page",
  "entry": [
    {
      "time": 1766733174821,
      "id": "517048068712894",
      "messaging": [
        {
          "sender": {
            "id": "517048068712894"
          },
          "recipient": {
            "id": "1835684389829872"
          },
          "timestamp": 1766733158670,
          "message": {
            "mid": "m_hMGxc5pPZauHXX8LlTKJyCdFgH5jVNeEx5KmEutn47jlCSMo8tRg9zCfUZU1hViDzdwJD78A5C2PXY87iltjWA",
            "is_echo": true,
            "text": "Please select an option",
            "metadata": "SENT_FROM_CHATBOTX",
            "app_id": 419370077795677
          }
        }
      ]
    }
  ]
}


=== 2025-12-26T07:13:08.885Z ===
{
  "object": "page",
  "entry": [
    {
      "time": 1766733188000,
      "id": "517048068712894",
      "messaging": [
        {
          "sender": {
            "id": "517048068712894"
          },
          "recipient": {
            "id": "1835684389829872"
          },
          "timestamp": 1766733187571,
          "message": {
            "mid": "m_1VVcUm4bZxHXGrZUmDu8UydFgH5jVNeEx5KmEutn47jpXlBkSdh8_1xzMvGNkbSspWUtj2r76HCU5G6RslYg0g",
            "is_echo": true,
            "text": "ok ban oi",
            "metadata": "SENT_FROM_CHATBOTX",
            "app_id": 419370077795677
          }
        }
      ]
    }
  ]
}


=== 2025-12-26T07:13:09.880Z ===
{
  "object": "page",
  "entry": [
    {
      "time": 1766733189324,
      "id": "517048068712894",
      "messaging": [
        {
          "sender": {
            "id": "517048068712894"
          },
          "recipient": {
            "id": "1835684389829872"
          },
          "timestamp": 1766733187577,
          "message": {
            "mid": "m_7JUwXUriDUf75kSdAX4HFidFgH5jVNeEx5KmEutn47jYNOdZs6sibRsG4tntlYdNetxrRcU6EgCBqSyOoMQirA",
            "is_echo": true,
            "text": "ok ban oi",
            "metadata": "SENT_FROM_CHATBOTX",
            "app_id": 419370077795677
          }
        }
      ]
    }
  ]
}


=== 2025-12-26T07:13:11.049Z ===
{
  "object": "page",
  "entry": [
    {
      "time": 1766733190479,
      "id": "517048068712894",
      "messaging": [
        {
          "sender": {
            "id": "517048068712894"
          },
          "recipient": {
            "id": "1835684389829872"
          },
          "timestamp": 1766733187582,
          "message": {
            "mid": "m_Q7MILnL_rb4th01n0cPJvydFgH5jVNeEx5KmEutn47h0Dn1zzufq_5dcG6-Bp7FqulsRIznIAlSVkCJLhqCUYg",
            "is_echo": true,
            "text": "ok ban oi",
            "metadata": "SENT_FROM_CHATBOTX",
            "app_id": 419370077795677
          }
        }
      ]
    }
  ]
}


=== 2025-12-26T07:13:11.737Z ===
{
  "object": "page",
  "entry": [
    {
      "time": 1766733191541,
      "id": "517048068712894",
      "messaging": [
        {
          "sender": {
            "id": "517048068712894"
          },
          "recipient": {
            "id": "1835684389829872"
          },
          "timestamp": 1766733187598,
          "message": {
            "mid": "m_zO_rt6nPFyuqjTN4iVN3zCdFgH5jVNeEx5KmEutn47hS73pmyFwncgFtRmvtuesAffLtGnD4wbEEIEfqeGJMOg",
            "is_echo": true,
            "text": "ok ban oi",
            "metadata": "SENT_FROM_CHATBOTX",
            "app_id": 419370077795677
          }
        }
      ]
    }
  ]
}


=== 2025-12-26T07:13:12.836Z ===
{
  "object": "page",
  "entry": [
    {
      "time": 1766733192266,
      "id": "517048068712894",
      "messaging": [
        {
          "sender": {
            "id": "517048068712894"
          },
          "recipient": {
            "id": "1835684389829872"
          },
          "timestamp": 1766733187601,
          "message": {
            "mid": "m_VAnNA8R3Y17eOkddN081oidFgH5jVNeEx5KmEutn47g57z-YEl_4LRvwiB0-iHL8ohwIztKsaj80yH2bk975dw",
            "is_echo": true,
            "text": "ok ban oi",
            "metadata": "SENT_FROM_CHATBOTX",
            "app_id": 419370077795677
          }
        }
      ]
    }
  ]
}


=== 2025-12-26T07:21:55.815Z ===
{
  "object": "page",
  "entry": [
    {
      "time": 1766731473542,
      "id": "517048068712894",
      "messaging": [
        {
          "sender": {
            "id": "1835684389829872"
          },
          "recipient": {
            "id": "517048068712894"
          },
          "timestamp": 1766731471870,
          "message": {
            "mid": "m_w-UWkI-FouSIXumOG1WhkidFgH5jVNeEx5KmEutn47jeVT_OLGPpE8RTL4VSsXPvxVaF6ww2_GGN-lfClD0Lng",
            "text": "tn1",
            "nlpv2": {
              "detected_locales": [
                {
                  "locale": "vi_VN",
                  "confidence": 0.4264
                }
              ],
              "traits": {
                "sentiment": {
                  "id": "5ac2b50a-44e4-466e-9d49-bad6bd40092c",
                  "value": "neutral",
                  "confidence": 0.8318
                }
              },
              "entities": {
                "location": [
                  {
                    "id": "624173841772436",
                    "name": "wit$location",
                    "role": "location",
                    "end": 3,
                    "start": 0,
                    "body": "tn1",
                    "confidence": 0.8498,
                    "type": "value",
                    "suggested": true,
                    "value": "tn1"
                  }
                ]
              }
            }
          }
        }
      ]
    }
  ]
}


=== 2025-12-26T07:22:28.719Z ===
{
  "object": "page",
  "entry": [
    {
      "time": 1766733740814,
      "id": "517048068712894",
      "messaging": [
        {
          "sender": {
            "id": "517048068712894"
          },
          "recipient": {
            "id": "1835684389829872"
          },
          "timestamp": 1766733740275,
          "message": {
            "mid": "m_BDcoe9pbyreNVmu_I1xRzSdFgH5jVNeEx5KmEutn47gf1nD0SgRVR8LmX22-Dv88WbelY0cnz2NYswx7i_EsoA",
            "is_echo": true,
            "text": "ok ban oi",
            "metadata": "SENT_FROM_CHATBOTX",
            "app_id": 419370077795677
          }
        }
      ]
    }
  ]
}


=== 2025-12-26T07:22:30.303Z ===
{
  "object": "page",
  "entry": [
    {
      "time": 1766733749204,
      "id": "517048068712894",
      "messaging": [
        {
          "sender": {
            "id": "517048068712894"
          },
          "recipient": {
            "id": "1835684389829872"
          },
          "timestamp": 1766733741184,
          "message": {
            "mid": "m_aw5tOOQ9fpxaHOpqBAvlcidFgH5jVNeEx5KmEutn47ggt394W1CPJABK736VO4gLN7SOIyDNGe37rgP2ghJHeg",
            "is_echo": true,
            "text": "Please select an option",
            "metadata": "SENT_FROM_CHATBOTX",
            "app_id": 419370077795677
          }
        }
      ]
    }
  ]
}


=== 2025-12-26T07:22:51.359Z ===
{
  "object": "page",
  "entry": [
    {
      "time": 1766733770582,
      "id": "517048068712894",
      "messaging": [
        {
          "sender": {
            "id": "517048068712894"
          },
          "recipient": {
            "id": "1835684389829872"
          },
          "timestamp": 1766733770137,
          "message": {
            "mid": "m_KhNfcSLG-VGI6D2vkP7wkydFgH5jVNeEx5KmEutn47gXSrF8RfLJjWi-FqyBu4e1S6Q57Y_LeNglw1wRDGDUYw",
            "is_echo": true,
            "text": "ok ban oi",
            "metadata": "SENT_FROM_CHATBOTX",
            "app_id": 419370077795677
          }
        }
      ]
    }
  ]
}


=== 2025-12-26T07:22:52.448Z ===
{
  "object": "page",
  "entry": [
    {
      "time": 1766733771890,
      "id": "517048068712894",
      "messaging": [
        {
          "sender": {
            "id": "517048068712894"
          },
          "recipient": {
            "id": "1835684389829872"
          },
          "timestamp": 1766733771422,
          "message": {
            "mid": "m_12v1pEehrGsETWa8fihHoSdFgH5jVNeEx5KmEutn47hSkVkpc_2U4awn4qkW2t9X-r4tkh5fCojejrJ2XVL6Cg",
            "is_echo": true,
            "text": "ok ban oi",
            "metadata": "SENT_FROM_CHATBOTX",
            "app_id": 419370077795677
          }
        }
      ]
    }
  ]
}


=== 2025-12-26T07:26:24.589Z ===
{
  "object": "page",
  "entry": [
    {
      "time": 1766733976696,
      "id": "517048068712894",
      "messaging": [
        {
          "sender": {
            "id": "1835684389829872"
          },
          "recipient": {
            "id": "517048068712894"
          },
          "timestamp": 1766733974420,
          "read": {
            "watermark": 1766733972872
          }
        }
      ]
    }
  ]
}


=== 2025-12-26T07:26:24.592Z ===
{
  "object": "page",
  "entry": [
    {
      "time": 1766733975961,
      "id": "517048068712894",
      "messaging": [
        {
          "sender": {
            "id": "1835684389829872"
          },
          "recipient": {
            "id": "517048068712894"
          },
          "timestamp": 1766733975331,
          "read": {
            "watermark": 1766733972878
          }
        }
      ]
    }
  ]
}


=== 2025-12-26T07:26:24.599Z ===
{
  "object": "page",
  "entry": [
    {
      "time": 1766733976696,
      "id": "517048068712894",
      "messaging": [
        {
          "sender": {
            "id": "1835684389829872"
          },
          "recipient": {
            "id": "517048068712894"
          },
          "timestamp": 1766733974321,
          "read": {
            "watermark": 1766733972868
          }
        }
      ]
    }
  ]
}


=== 2025-12-26T07:26:24.599Z ===
{
  "object": "page",
  "entry": [
    {
      "time": 1766733976677,
      "id": "517048068712894",
      "messaging": [
        {
          "sender": {
            "id": "1835684389829872"
          },
          "recipient": {
            "id": "517048068712894"
          },
          "timestamp": 1766733973901,
          "read": {
            "watermark": 1766733972846
          }
        }
      ]
    }
  ]
}


=== 2025-12-26T07:26:24.601Z ===
{
  "object": "page",
  "entry": [
    {
      "time": 1766733976696,
      "id": "517048068712894",
      "messaging": [
        {
          "sender": {
            "id": "1835684389829872"
          },
          "recipient": {
            "id": "517048068712894"
          },
          "timestamp": 1766733974144,
          "read": {
            "watermark": 1766733972858
          }
        }
      ]
    }
  ]
}


=== 2025-12-26T07:26:24.603Z ===
{
  "object": "page",
  "entry": [
    {
      "time": 1766733977446,
      "id": "517048068712894",
      "messaging": [
        {
          "sender": {
            "id": "1835684389829872"
          },
          "recipient": {
            "id": "517048068712894"
          },
          "timestamp": 1766733976196,
          "message": {
            "mid": "m_qG1Ee9tnIshRxyG_c-4RoydFgH5jVNeEx5KmEutn47gLCOVDzj2HhPV9_zMYrDr09Qs9519vRLQFgWUtjQ5pow",
            "text": "tn1",
            "nlpv2": {
              "detected_locales": [
                {
                  "locale": "vi_VN",
                  "confidence": 0.4264
                }
              ],
              "traits": {
                "sentiment": {
                  "id": "5ac2b50a-44e4-466e-9d49-bad6bd40092c",
                  "value": "neutral",
                  "confidence": 0.8318
                }
              },
              "entities": {
                "location": [
                  {
                    "id": "624173841772436",
                    "name": "wit$location",
                    "role": "location",
                    "end": 3,
                    "start": 0,
                    "body": "tn1",
                    "confidence": 0.8498,
                    "type": "value",
                    "suggested": true,
                    "value": "tn1"
                  }
                ]
              }
            }
          }
        }
      ]
    }
  ]
}


=== 2025-12-26T07:26:24.604Z ===
{
  "object": "page",
  "entry": [
    {
      "time": 1766733976711,
      "id": "517048068712894",
      "messaging": [
        {
          "sender": {
            "id": "1835684389829872"
          },
          "recipient": {
            "id": "517048068712894"
          },
          "timestamp": 1766733974245,
          "read": {
            "watermark": 1766733972862
          }
        }
      ]
    }
  ]
}


=== 2025-12-26T07:26:24.605Z ===
{
  "object": "page",
  "entry": [
    {
      "time": 1766733975973,
      "id": "517048068712894",
      "messaging": [
        {
          "sender": {
            "id": "1835684389829872"
          },
          "recipient": {
            "id": "517048068712894"
          },
          "timestamp": 1766733975153,
          "read": {
            "watermark": 1766733972877
          }
        }
      ]
    }
  ]
}


=== 2025-12-26T07:26:24.615Z ===
{
  "object": "page",
  "entry": [
    {
      "time": 1766733975973,
      "id": "517048068712894",
      "messaging": [
        {
          "sender": {
            "id": "1835684389829872"
          },
          "recipient": {
            "id": "517048068712894"
          },
          "timestamp": 1766733974926,
          "read": {
            "watermark": 1766733972876
          }
        }
      ]
    }
  ]
}


=== 2025-12-26T07:26:24.616Z ===
{
  "object": "page",
  "entry": [
    {
      "time": 1766733975973,
      "id": "517048068712894",
      "messaging": [
        {
          "sender": {
            "id": "1835684389829872"
          },
          "recipient": {
            "id": "517048068712894"
          },
          "timestamp": 1766733975483,
          "read": {
            "watermark": 1766733972879
          }
        }
      ]
    }
  ]
}


=== 2025-12-26T07:26:26.909Z ===
{
  "object": "page",
  "entry": [
    {
      "time": 1766733986318,
      "id": "517048068712894",
      "messaging": [
        {
          "sender": {
            "id": "517048068712894"
          },
          "recipient": {
            "id": "1835684389829872"
          },
          "timestamp": 1766733985964,
          "message": {
            "mid": "m_Qs2uibTCIAvvb3XdkoItiidFgH5jVNeEx5KmEutn47hbnNzrtZASey6XbpvNAPyHFtNfnGnTIJJIamDZShJGLg",
            "is_echo": true,
            "text": "ok ban oi",
            "metadata": "SENT_FROM_CHATBOTX",
            "app_id": 419370077795677
          }
        }
      ]
    }
  ]
}


=== 2025-12-26T07:26:28.038Z ===
{
  "object": "page",
  "entry": [
    {
      "time": 1766733987422,
      "id": "517048068712894",
      "messaging": [
        {
          "sender": {
            "id": "517048068712894"
          },
          "recipient": {
            "id": "1835684389829872"
          },
          "timestamp": 1766733986622,
          "message": {
            "mid": "m_DGtBPUKGnGMTufWbl4uz1idFgH5jVNeEx5KmEutn47j8gvkw-cDAlbCFAwbb3r6qwzbqCUCEvyR0p5q7CcbOdQ",
            "is_echo": true,
            "text": "Please select an option",
            "metadata": "SENT_FROM_CHATBOTX",
            "app_id": 419370077795677
          }
        }
      ]
    }
  ]
}


=== 2025-12-26T07:26:28.750Z ===
{
  "object": "page",
  "entry": [
    {
      "time": 1766733988591,
      "id": "517048068712894",
      "messaging": [
        {
          "sender": {
            "id": "1835684389829872"
          },
          "recipient": {
            "id": "517048068712894"
          },
          "timestamp": 1766733987813,
          "read": {
            "watermark": 1766733987078
          }
        }
      ]
    }
  ]
}


=== 2025-12-26T07:26:28.764Z ===
{
  "object": "page",
  "entry": [
    {
      "time": 1766733988576,
      "id": "517048068712894",
      "messaging": [
        {
          "sender": {
            "id": "1835684389829872"
          },
          "recipient": {
            "id": "517048068712894"
          },
          "timestamp": 1766733987655,
          "read": {
            "watermark": 1766733987077
          }
        }
      ]
    }
  ]
}


=== 2025-12-26T07:26:28.836Z ===
{
  "object": "page",
  "entry": [
    {
      "time": 1766733988296,
      "id": "517048068712894",
      "messaging": [
        {
          "sender": {
            "id": "1835684389829872"
          },
          "recipient": {
            "id": "517048068712894"
          },
          "timestamp": 1766733986533,
          "read": {
            "watermark": 1766733986509
          }
        }
      ]
    }
  ]
}


=== 2025-12-26T07:26:28.877Z ===
{
  "object": "page",
  "entry": [
    {
      "time": 1766733988322,
      "id": "517048068712894",
      "messaging": [
        {
          "sender": {
            "id": "1835684389829872"
          },
          "recipient": {
            "id": "517048068712894"
          },
          "timestamp": 1766733986668,
          "read": {
            "watermark": 1766733986540
          }
        }
      ]
    }
  ]
}


=== 2025-12-26T07:26:28.894Z ===
{
  "object": "page",
  "entry": [
    {
      "time": 1766733988303,
      "id": "517048068712894",
      "messaging": [
        {
          "sender": {
            "id": "1835684389829872"
          },
          "recipient": {
            "id": "517048068712894"
          },
          "timestamp": 1766733986748,
          "read": {
            "watermark": 1766733986559
          }
        }
      ]
    }
  ]
}


=== 2025-12-26T07:26:28.897Z ===
{
  "object": "page",
  "entry": [
    {
      "time": 1766733988303,
      "id": "517048068712894",
      "messaging": [
        {
          "sender": {
            "id": "1835684389829872"
          },
          "recipient": {
            "id": "517048068712894"
          },
          "timestamp": 1766733986902,
          "read": {
            "watermark": 1766733986561
          }
        }
      ]
    }
  ]
}


=== 2025-12-26T07:26:29.151Z ===
{
  "object": "page",
  "entry": [
    {
      "time": 1766733988591,
      "id": "517048068712894",
      "messaging": [
        {
          "sender": {
            "id": "1835684389829872"
          },
          "recipient": {
            "id": "517048068712894"
          },
          "timestamp": 1766733987346,
          "read": {
            "watermark": 1766733987073
          }
        }
      ]
    }
  ]
}


=== 2025-12-26T07:26:29.164Z ===
{
  "object": "page",
  "entry": [
    {
      "time": 1766733988591,
      "id": "517048068712894",
      "messaging": [
        {
          "sender": {
            "id": "1835684389829872"
          },
          "recipient": {
            "id": "517048068712894"
          },
          "timestamp": 1766733987545,
          "read": {
            "watermark": 1766733987076
          }
        }
      ]
    }
  ]
}


=== 2025-12-26T07:29:06.814Z ===
{
  "object": "page",
  "entry": [
    {
      "time": 1766734136986,
      "id": "517048068712894",
      "messaging": [
        {
          "sender": {
            "id": "1835684389829872"
          },
          "recipient": {
            "id": "517048068712894"
          },
          "timestamp": 1766734135577,
          "message": {
            "mid": "m_ScqFZ9xIx-YWzRhM00k8VydFgH5jVNeEx5KmEutn47iH97eS2nweOtsx5Rq9c0dGB4ILlAtHF6Zrdg3fY2GMew",
            "text": "tn1",
            "nlpv2": {
              "detected_locales": [
                {
                  "locale": "vi_VN",
                  "confidence": 0.4264
                }
              ],
              "traits": {
                "sentiment": {
                  "id": "5ac2b50a-44e4-466e-9d49-bad6bd40092c",
                  "value": "neutral",
                  "confidence": 0.8318
                }
              },
              "entities": {
                "location": [
                  {
                    "id": "624173841772436",
                    "name": "wit$location",
                    "role": "location",
                    "end": 3,
                    "start": 0,
                    "body": "tn1",
                    "confidence": 0.8498,
                    "type": "value",
                    "suggested": true,
                    "value": "tn1"
                  }
                ]
              }
            }
          }
        }
      ]
    }
  ]
}


=== 2025-12-26T07:29:08.385Z ===
{
  "object": "page",
  "entry": [
    {
      "time": 1766734148155,
      "id": "517048068712894",
      "messaging": [
        {
          "sender": {
            "id": "517048068712894"
          },
          "recipient": {
            "id": "1835684389829872"
          },
          "timestamp": 1766734147782,
          "message": {
            "mid": "m_Nt01BbZgEoJsBwL5pbjUTydFgH5jVNeEx5KmEutn47h_QLfR_WRK_fTu7ALCasPx_N4WWY0ipWoXpuqLAAsCOw",
            "is_echo": true,
            "text": "ok ban oi",
            "metadata": "SENT_FROM_CHATBOTX",
            "app_id": 419370077795677
          }
        }
      ]
    }
  ]
}


=== 2025-12-26T07:29:19.855Z ===
{
  "object": "page",
  "entry": [
    {
      "time": 1766734159187,
      "id": "517048068712894",
      "messaging": [
        {
          "sender": {
            "id": "1835684389829872"
          },
          "recipient": {
            "id": "517048068712894"
          },
          "timestamp": 1766734158076,
          "read": {
            "watermark": 1766734157989
          }
        }
      ]
    }
  ]
}


=== 2025-12-26T07:29:36.389Z ===
{
  "object": "page",
  "entry": [
    {
      "time": 1766734175776,
      "id": "517048068712894",
      "messaging": [
        {
          "sender": {
            "id": "1835684389829872"
          },
          "recipient": {
            "id": "517048068712894"
          },
          "timestamp": 1766734174514,
          "message": {
            "mid": "m_tmUvKwbC5MgqTFHliAfe0CdFgH5jVNeEx5KmEutn47iIiHQnzxiXl6dRK04mPaIP2fXK6w_on54L5JHCnAwpLQ",
            "text": "tn1",
            "nlpv2": {
              "detected_locales": [
                {
                  "locale": "vi_VN",
                  "confidence": 0.4264
                }
              ],
              "traits": {
                "sentiment": {
                  "id": "5ac2b50a-44e4-466e-9d49-bad6bd40092c",
                  "value": "neutral",
                  "confidence": 0.8318
                }
              },
              "entities": {
                "location": [
                  {
                    "id": "624173841772436",
                    "name": "wit$location",
                    "role": "location",
                    "end": 3,
                    "start": 0,
                    "body": "tn1",
                    "confidence": 0.8498,
                    "type": "value",
                    "suggested": true,
                    "value": "tn1"
                  }
                ]
              }
            }
          }
        }
      ]
    }
  ]
}


=== 2025-12-26T07:30:15.561Z ===
{
  "object": "page",
  "entry": [
    {
      "time": 1766734208649,
      "id": "517048068712894",
      "messaging": [
        {
          "sender": {
            "id": "517048068712894"
          },
          "recipient": {
            "id": "1835684389829872"
          },
          "timestamp": 1766734208181,
          "message": {
            "mid": "m_xzm4M6tvAOgB-_3p1jGQBCdFgH5jVNeEx5KmEutn47iKUysHWJRid3k-gMJgkdHI5nHM0X98uvw20VlmQj0tjQ",
            "is_echo": true,
            "text": "ok ban oi",
            "metadata": "SENT_FROM_CHATBOTX",
            "app_id": 419370077795677
          }
        }
      ]
    }
  ]
}


=== 2025-12-26T07:30:16.871Z ===
{
  "object": "page",
  "entry": [
    {
      "time": 1766734216113,
      "id": "517048068712894",
      "messaging": [
        {
          "sender": {
            "id": "517048068712894"
          },
          "recipient": {
            "id": "1835684389829872"
          },
          "timestamp": 1766734209030,
          "message": {
            "mid": "m_cLUsl_3Otcg4_nPu9rXd9CdFgH5jVNeEx5KmEutn47j1mKCkbNYBaSVeztNR6e41ETP118dj69Df2BfHGRc_Mw",
            "is_echo": true,
            "text": "Please select an option",
            "metadata": "SENT_FROM_CHATBOTX",
            "app_id": 419370077795677
          }
        }
      ]
    }
  ]
}


=== 2025-12-26T07:30:28.200Z ===
{
  "object": "page",
  "entry": [
    {
      "time": 1766734222996,
      "id": "517048068712894",
      "messaging": [
        {
          "sender": {
            "id": "1835684389829872"
          },
          "recipient": {
            "id": "517048068712894"
          },
          "timestamp": 1766734221785,
          "read": {
            "watermark": 1766734220930
          }
        }
      ]
    }
  ]
}


=== 2025-12-26T07:30:39.154Z ===
{
  "object": "page",
  "entry": [
    {
      "time": 1766734238513,
      "id": "517048068712894",
      "messaging": [
        {
          "sender": {
            "id": "517048068712894"
          },
          "recipient": {
            "id": "1835684389829872"
          },
          "timestamp": 1766734238062,
          "message": {
            "mid": "m_bNTTD4IrTwRF1vGJdr_ETCdFgH5jVNeEx5KmEutn47hsX2xAKFHWg8AJRQzjSF5QqiMnc8_yT-vFAj8yACEjag",
            "is_echo": true,
            "text": "ok ban oi",
            "metadata": "SENT_FROM_CHATBOTX",
            "app_id": 419370077795677
          }
        }
      ]
    }
  ]
}


=== 2025-12-26T07:30:40.320Z ===
{
  "object": "page",
  "entry": [
    {
      "time": 1766734239734,
      "id": "517048068712894",
      "messaging": [
        {
          "sender": {
            "id": "517048068712894"
          },
          "recipient": {
            "id": "1835684389829872"
          },
          "timestamp": 1766734238860,
          "message": {
            "mid": "m_XKPkw0Q-d4Quc5gPsn-ntCdFgH5jVNeEx5KmEutn47iJfcAmtHe8W8EI_ujWOzAERYCmjg9QjT0KlVcLIZw_Bw",
            "is_echo": true,
            "text": "Please select an option",
            "metadata": "SENT_FROM_CHATBOTX",
            "app_id": 419370077795677
          }
        }
      ]
    }
  ]
}


=== 2025-12-26T07:30:51.900Z ===
{
  "object": "page",
  "entry": [
    {
      "time": 1766734251274,
      "id": "517048068712894",
      "messaging": [
        {
          "sender": {
            "id": "1835684389829872"
          },
          "recipient": {
            "id": "517048068712894"
          },
          "timestamp": 1766734249902,
          "read": {
            "watermark": 1766734249411
          }
        }
      ]
    }
  ]
}


=== 2025-12-26T07:33:06.780Z ===
{
  "object": "page",
  "entry": [
    {
      "time": 1766734379031,
      "id": "517048068712894",
      "messaging": [
        {
          "sender": {
            "id": "1835684389829872"
          },
          "recipient": {
            "id": "517048068712894"
          },
          "timestamp": 1766734377893,
          "message": {
            "mid": "m_HG8XT5N1dH_bSL9lYUWAIydFgH5jVNeEx5KmEutn47gzloqvbIM9yg44At8IbAro1WURF7mh40ZHXw472rRP4Q",
            "text": "tn1",
            "nlpv2": {
              "detected_locales": [
                {
                  "locale": "vi_VN",
                  "confidence": 0.4264
                }
              ],
              "traits": {
                "sentiment": {
                  "id": "5ac2b50a-44e4-466e-9d49-bad6bd40092c",
                  "value": "neutral",
                  "confidence": 0.8318
                }
              },
              "entities": {
                "location": [
                  {
                    "id": "624173841772436",
                    "name": "wit$location",
                    "role": "location",
                    "end": 3,
                    "start": 0,
                    "body": "tn1",
                    "confidence": 0.8498,
                    "type": "value",
                    "suggested": true,
                    "value": "tn1"
                  }
                ]
              }
            }
          }
        }
      ]
    }
  ]
}


=== 2025-12-26T07:33:09.677Z ===
{
  "object": "page",
  "entry": [
    {
      "time": 1766734388553,
      "id": "517048068712894",
      "messaging": [
        {
          "sender": {
            "id": "517048068712894"
          },
          "recipient": {
            "id": "1835684389829872"
          },
          "timestamp": 1766734388028,
          "message": {
            "mid": "m_kHty1Uo4h6_w2rbNcn2WKydFgH5jVNeEx5KmEutn47iICXQ4SeybVHGYWEzHKETNCuJTTxkInWmvz-grQMl0SA",
            "is_echo": true,
            "text": "ok ban oi",
            "metadata": "SENT_FROM_CHATBOTX",
            "app_id": 419370077795677
          }
        }
      ]
    }
  ]
}


=== 2025-12-26T07:33:11.663Z ===
{
  "object": "page",
  "entry": [
    {
      "time": 1766734390299,
      "id": "517048068712894",
      "messaging": [
        {
          "sender": {
            "id": "517048068712894"
          },
          "recipient": {
            "id": "1835684389829872"
          },
          "timestamp": 1766734389124,
          "message": {
            "mid": "m_rSfiAjoFM3slG3bG1Un3YidFgH5jVNeEx5KmEutn47iCaNP7tOXZ---2MzIG_DEAhWcAxWWsRNGil9nBaL1KYQ",
            "is_echo": true,
            "text": "Please select an option",
            "metadata": "SENT_FROM_CHATBOTX",
            "app_id": 419370077795677
          }
        }
      ]
    }
  ]
}


=== 2025-12-26T07:37:31.602Z ===
{
  "object": "page",
  "entry": [
    {
      "time": 1766734650942,
      "id": "517048068712894",
      "messaging": [
        {
          "sender": {
            "id": "1835684389829872"
          },
          "recipient": {
            "id": "517048068712894"
          },
          "timestamp": 1766734649283,
          "read": {
            "watermark": 1766734649161
          }
        }
      ]
    }
  ]
}


=== 2025-12-26T07:37:33.713Z ===
{
  "object": "page",
  "entry": [
    {
      "time": 1766734653046,
      "id": "517048068712894",
      "messaging": [
        {
          "sender": {
            "id": "1835684389829872"
          },
          "recipient": {
            "id": "517048068712894"
          },
          "timestamp": 1766734651384,
          "message": {
            "mid": "m_0mFgfyAMr6Kv93_VRhOaGCdFgH5jVNeEx5KmEutn47j5AN4T9gcBaXk7yaDD08Wt9rWQEJctrYgxIlbUvzxCHg",
            "text": "tn1",
            "nlpv2": {
              "detected_locales": [
                {
                  "locale": "vi_VN",
                  "confidence": 0.4264
                }
              ],
              "traits": {
                "sentiment": {
                  "id": "5ac2b50a-44e4-466e-9d49-bad6bd40092c",
                  "value": "neutral",
                  "confidence": 0.8318
                }
              },
              "entities": {
                "location": [
                  {
                    "id": "624173841772436",
                    "name": "wit$location",
                    "role": "location",
                    "end": 3,
                    "start": 0,
                    "body": "tn1",
                    "confidence": 0.8498,
                    "type": "value",
                    "suggested": true,
                    "value": "tn1"
                  }
                ]
              }
            }
          }
        }
      ]
    }
  ]
}


=== 2025-12-26T07:37:35.762Z ===
{
  "object": "page",
  "entry": [
    {
      "time": 1766734655135,
      "id": "517048068712894",
      "messaging": [
        {
          "sender": {
            "id": "517048068712894"
          },
          "recipient": {
            "id": "1835684389829872"
          },
          "timestamp": 1766734654646,
          "message": {
            "mid": "m_ZYXIUok0UAp-cM4_GN2biCdFgH5jVNeEx5KmEutn47iKzL0YfbT6s_ZI7Wcwd1JcDys2C4uBWYrJBOLYh667NQ",
            "is_echo": true,
            "text": "ok ban oi",
            "metadata": "SENT_FROM_CHATBOTX",
            "app_id": 419370077795677
          }
        }
      ]
    }
  ]
}


=== 2025-12-26T07:37:37.038Z ===
{
  "object": "page",
  "entry": [
    {
      "time": 1766734656299,
      "id": "517048068712894",
      "messaging": [
        {
          "sender": {
            "id": "517048068712894"
          },
          "recipient": {
            "id": "1835684389829872"
          },
          "timestamp": 1766734655616,
          "message": {
            "mid": "m_tmysPSsPe7GO62DuDXEgeydFgH5jVNeEx5KmEutn47js2G7nAEoqCYM6pPMeK2jy1UogDVZpVIlcXS8ALk7SzA",
            "is_echo": true,
            "text": "Please select an option",
            "metadata": "SENT_FROM_CHATBOTX",
            "app_id": 419370077795677
          }
        }
      ]
    }
  ]
}


=== 2025-12-26T07:37:39.418Z ===
{
  "object": "page",
  "entry": [
    {
      "time": 1766734658785,
      "id": "517048068712894",
      "messaging": [
        {
          "sender": {
            "id": "1835684389829872"
          },
          "recipient": {
            "id": "517048068712894"
          },
          "timestamp": 1766734657309,
          "read": {
            "watermark": 1766734657144
          }
        }
      ]
    }
  ]
}


=== 2025-12-26T07:37:59.022Z ===
{
  "object": "page",
  "entry": [
    {
      "time": 1766734678366,
      "id": "517048068712894",
      "messaging": [
        {
          "sender": {
            "id": "1835684389829872"
          },
          "recipient": {
            "id": "517048068712894"
          },
          "timestamp": 1766734677094,
          "message": {
            "mid": "m_25Ux65YF22v17t1BUVSIwidFgH5jVNeEx5KmEutn47iZ4qtak38vTgAxbLCxGMgk6ksL_8mGlBfBydskyCct-A",
            "text": "tn1",
            "nlpv2": {
              "detected_locales": [
                {
                  "locale": "vi_VN",
                  "confidence": 0.4264
                }
              ],
              "traits": {
                "sentiment": {
                  "id": "5ac2b50a-44e4-466e-9d49-bad6bd40092c",
                  "value": "neutral",
                  "confidence": 0.8318
                }
              },
              "entities": {
                "location": [
                  {
                    "id": "624173841772436",
                    "name": "wit$location",
                    "role": "location",
                    "end": 3,
                    "start": 0,
                    "body": "tn1",
                    "confidence": 0.8498,
                    "type": "value",
                    "suggested": true,
                    "value": "tn1"
                  }
                ]
              }
            }
          }
        }
      ]
    }
  ]
}


=== 2025-12-26T07:38:00.907Z ===
{
  "object": "page",
  "entry": [
    {
      "time": 1766734680299,
      "id": "517048068712894",
      "messaging": [
        {
          "sender": {
            "id": "517048068712894"
          },
          "recipient": {
            "id": "1835684389829872"
          },
          "timestamp": 1766734679802,
          "message": {
            "mid": "m_Vu_Pkcq8CvyWBSEkDnJ0ZSdFgH5jVNeEx5KmEutn47gsc_QA9aXDxaGLVaWBmre5NsDlzkYxV0qZ-8gFpFalbQ",
            "is_echo": true,
            "text": "ok ban oi",
            "metadata": "SENT_FROM_CHATBOTX",
            "app_id": 419370077795677
          }
        }
      ]
    }
  ]
}


=== 2025-12-26T07:38:02.062Z ===
{
  "object": "page",
  "entry": [
    {
      "time": 1766734681381,
      "id": "517048068712894",
      "messaging": [
        {
          "sender": {
            "id": "517048068712894"
          },
          "recipient": {
            "id": "1835684389829872"
          },
          "timestamp": 1766734680903,
          "message": {
            "mid": "m_uwskc3qUOzJVTfRZKvxXXydFgH5jVNeEx5KmEutn47gRfUyF9GPvAbWR9-A2-Ai-B9G8cAQnuJZsJiOwzlD_rQ",
            "is_echo": true,
            "text": "Please select an option",
            "metadata": "SENT_FROM_CHATBOTX",
            "app_id": 419370077795677
          }
        }
      ]
    }
  ]
}


=== 2025-12-26T07:38:03.506Z ===
{
  "object": "page",
  "entry": [
    {
      "time": 1766734682912,
      "id": "517048068712894",
      "messaging": [
        {
          "sender": {
            "id": "1835684389829872"
          },
          "recipient": {
            "id": "517048068712894"
          },
          "timestamp": 1766734681691,
          "read": {
            "watermark": 1766734681361
          }
        }
      ]
    }
  ]
}


=== 2025-12-26T07:38:03.556Z ===
{
  "object": "page",
  "entry": [
    {
      "time": 1766734682912,
      "id": "517048068712894",
      "messaging": [
        {
          "sender": {
            "id": "1835684389829872"
          },
          "recipient": {
            "id": "517048068712894"
          },
          "timestamp": 1766734681842,
          "read": {
            "watermark": 1766734681362
          }
        }
      ]
    }
  ]
}


=== 2025-12-26T07:38:03.573Z ===
{
  "object": "page",
  "entry": [
    {
      "time": 1766734682912,
      "id": "517048068712894",
      "messaging": [
        {
          "sender": {
            "id": "1835684389829872"
          },
          "recipient": {
            "id": "517048068712894"
          },
          "timestamp": 1766734681537,
          "read": {
            "watermark": 1766734681359
          }
        }
      ]
    }
  ]
}


=== 2025-12-26T07:38:03.574Z ===
{
  "object": "page",
  "entry": [
    {
      "time": 1766734682905,
      "id": "517048068712894",
      "messaging": [
        {
          "sender": {
            "id": "1835684389829872"
          },
          "recipient": {
            "id": "517048068712894"
          },
          "timestamp": 1766734681320,
          "read": {
            "watermark": 1766734681295
          }
        }
      ]
    }
  ]
}


=== 2025-12-26T07:38:04.511Z ===
{
  "object": "page",
  "entry": [
    {
      "time": 1766734684323,
      "id": "517048068712894",
      "messaging": [
        {
          "sender": {
            "id": "1835684389829872"
          },
          "recipient": {
            "id": "517048068712894"
          },
          "timestamp": 1766734680444,
          "read": {
            "watermark": 1766734680265
          }
        }
      ]
    }
  ]
}


=== 2025-12-26T07:38:04.906Z ===
{
  "object": "page",
  "entry": [
    {
      "time": 1766734684343,
      "id": "517048068712894",
      "messaging": [
        {
          "sender": {
            "id": "1835684389829872"
          },
          "recipient": {
            "id": "517048068712894"
          },
          "timestamp": 1766734680243,
          "read": {
            "watermark": 1766734680200
          }
        }
      ]
    }
  ]
}


=== 2025-12-26T07:38:04.920Z ===
{
  "object": "page",
  "entry": [
    {
      "time": 1766734684343,
      "id": "517048068712894",
      "messaging": [
        {
          "sender": {
            "id": "1835684389829872"
          },
          "recipient": {
            "id": "517048068712894"
          },
          "timestamp": 1766734680606,
          "read": {
            "watermark": 1766734680270
          }
        }
      ]
    }
  ]
}


=== 2025-12-26T07:38:04.933Z ===
{
  "object": "page",
  "entry": [
    {
      "time": 1766734684343,
      "id": "517048068712894",
      "messaging": [
        {
          "sender": {
            "id": "1835684389829872"
          },
          "recipient": {
            "id": "517048068712894"
          },
          "timestamp": 1766734680707,
          "read": {
            "watermark": 1766734680272
          }
        }
      ]
    }
  ]
}
